<?xml version="1.0" encoding="UTF-8"?>
<testng-results skipped="0" failed="0" total="0" passed="0">
  <reporter-output>
  </reporter-output>
  <suite name="Default suite" duration-ms="12" started-at="2016-09-20T22:43:13Z" finished-at="2016-09-20T22:43:13Z">
    <groups>
    </groups>
    <test name="Default test" duration-ms="12" started-at="2016-09-20T22:43:13Z" finished-at="2016-09-20T22:43:13Z">
      <class name="com.inmarkit.qa.framework.script.ChLoginTest">
        <test-method status="PASS" signature="beforeTest()[pri:0, instance:com.inmarkit.qa.framework.script.ChLoginTest@4678c730]" name="beforeTest" is-config="true" duration-ms="6" started-at="2016-09-20T18:43:13Z" finished-at="2016-09-20T18:43:13Z">
          <reporter-output>
          </reporter-output>
        </test-method> <!-- beforeTest -->
        <test-method status="PASS" signature="afterTest()[pri:0, instance:com.inmarkit.qa.framework.script.ChLoginTest@4678c730]" name="afterTest" is-config="true" duration-ms="0" started-at="2016-09-20T18:43:13Z" finished-at="2016-09-20T18:43:13Z">
          <reporter-output>
          </reporter-output>
        </test-method> <!-- afterTest -->
      </class> <!-- com.inmarkit.qa.framework.script.ChLoginTest -->
    </test> <!-- Default test -->
  </suite> <!-- Default suite -->
</testng-results>
