<?xml version="1.0" encoding="UTF-8"?>
<testng-results skipped="0" failed="0" total="1" passed="1">
  <reporter-output>
  </reporter-output>
  <suite name="Default suite" duration-ms="23979" started-at="2016-12-25T03:35:10Z" finished-at="2016-12-25T03:35:34Z">
    <groups>
    </groups>
    <test name="Default test" duration-ms="23979" started-at="2016-12-25T03:35:10Z" finished-at="2016-12-25T03:35:34Z">
      <class name="com.cue1.LoginFunctionTest">
        <test-method status="PASS" signature="beforeTest()[pri:0, instance:com.cue1.LoginFunctionTest@29ee9faa]" name="beforeTest" is-config="true" duration-ms="16450" started-at="2016-12-24T22:35:10Z" finished-at="2016-12-24T22:35:27Z">
          <reporter-output>
          </reporter-output>
        </test-method> <!-- beforeTest -->
        <test-method status="PASS" signature="logTest1()[pri:0, instance:com.cue1.LoginFunctionTest@29ee9faa]" name="logTest1" duration-ms="4521" started-at="2016-12-24T22:35:27Z" finished-at="2016-12-24T22:35:31Z">
          <reporter-output>
          </reporter-output>
        </test-method> <!-- logTest1 -->
        <test-method status="PASS" signature="afterTest()[pri:0, instance:com.cue1.LoginFunctionTest@29ee9faa]" name="afterTest" is-config="true" duration-ms="2986" started-at="2016-12-24T22:35:31Z" finished-at="2016-12-24T22:35:34Z">
          <reporter-output>
          </reporter-output>
        </test-method> <!-- afterTest -->
      </class> <!-- com.cue1.LoginFunctionTest -->
    </test> <!-- Default test -->
  </suite> <!-- Default suite -->
</testng-results>
